Determining if the pthread_create exist failed with the following output:
Change Dir: /home/lh2debug/useful/pmemkv/CMakeFiles/CMakeTmp

Run Build Command:"/usr/bin/make" "cmTC_36ac8/fast"
/usr/bin/make -f CMakeFiles/cmTC_36ac8.dir/build.make CMakeFiles/cmTC_36ac8.dir/build
make[1]: Entering directory '/home/lh2debug/useful/pmemkv/CMakeFiles/CMakeTmp'
Building C object CMakeFiles/cmTC_36ac8.dir/CheckSymbolExists.c.o
/usr/bin/cc    -o CMakeFiles/cmTC_36ac8.dir/CheckSymbolExists.c.o   -c /home/lh2debug/useful/pmemkv/CMakeFiles/CMakeTmp/CheckSymbolExists.c
Linking C executable cmTC_36ac8
/usr/bin/cmake -E cmake_link_script CMakeFiles/cmTC_36ac8.dir/link.txt --verbose=1
/usr/bin/cc      CMakeFiles/cmTC_36ac8.dir/CheckSymbolExists.c.o  -o cmTC_36ac8 
CMakeFiles/cmTC_36ac8.dir/CheckSymbolExists.c.o: In function `main':
CheckSymbolExists.c:(.text+0x1b): undefined reference to `pthread_create'
collect2: error: ld returned 1 exit status
CMakeFiles/cmTC_36ac8.dir/build.make:97: recipe for target 'cmTC_36ac8' failed
make[1]: *** [cmTC_36ac8] Error 1
make[1]: Leaving directory '/home/lh2debug/useful/pmemkv/CMakeFiles/CMakeTmp'
Makefile:126: recipe for target 'cmTC_36ac8/fast' failed
make: *** [cmTC_36ac8/fast] Error 2

File /home/lh2debug/useful/pmemkv/CMakeFiles/CMakeTmp/CheckSymbolExists.c:
/* */
#include <pthread.h>

int main(int argc, char** argv)
{
  (void)argv;
#ifndef pthread_create
  return ((int*)(&pthread_create))[argc];
#else
  (void)argc;
  return 0;
#endif
}

Determining if the function pthread_create exists in the pthreads failed with the following output:
Change Dir: /home/lh2debug/useful/pmemkv/CMakeFiles/CMakeTmp

Run Build Command:"/usr/bin/make" "cmTC_9f875/fast"
/usr/bin/make -f CMakeFiles/cmTC_9f875.dir/build.make CMakeFiles/cmTC_9f875.dir/build
make[1]: Entering directory '/home/lh2debug/useful/pmemkv/CMakeFiles/CMakeTmp'
Building C object CMakeFiles/cmTC_9f875.dir/CheckFunctionExists.c.o
/usr/bin/cc   -DCHECK_FUNCTION_EXISTS=pthread_create   -o CMakeFiles/cmTC_9f875.dir/CheckFunctionExists.c.o   -c /usr/share/cmake-3.9/Modules/CheckFunctionExists.c
Linking C executable cmTC_9f875
/usr/bin/cmake -E cmake_link_script CMakeFiles/cmTC_9f875.dir/link.txt --verbose=1
/usr/bin/cc  -DCHECK_FUNCTION_EXISTS=pthread_create    CMakeFiles/cmTC_9f875.dir/CheckFunctionExists.c.o  -o cmTC_9f875 -lpthreads 
/usr/bin/ld: cannot find -lpthreads
collect2: error: ld returned 1 exit status
CMakeFiles/cmTC_9f875.dir/build.make:97: recipe for target 'cmTC_9f875' failed
make[1]: *** [cmTC_9f875] Error 1
make[1]: Leaving directory '/home/lh2debug/useful/pmemkv/CMakeFiles/CMakeTmp'
Makefile:126: recipe for target 'cmTC_9f875/fast' failed
make: *** [cmTC_9f875/fast] Error 2


Determining if the pthread_create exist failed with the following output:
Change Dir: /home/lh2debug/useful/quartzmemkv2/CMakeFiles/CMakeTmp

Run Build Command:"/usr/bin/make" "cmTC_a82c8/fast"
/usr/bin/make -f CMakeFiles/cmTC_a82c8.dir/build.make CMakeFiles/cmTC_a82c8.dir/build
make[1]: Entering directory '/home/lh2debug/useful/quartzmemkv2/CMakeFiles/CMakeTmp'
Building C object CMakeFiles/cmTC_a82c8.dir/CheckSymbolExists.c.o
/usr/bin/cc    -o CMakeFiles/cmTC_a82c8.dir/CheckSymbolExists.c.o   -c /home/lh2debug/useful/quartzmemkv2/CMakeFiles/CMakeTmp/CheckSymbolExists.c
Linking C executable cmTC_a82c8
/usr/bin/cmake -E cmake_link_script CMakeFiles/cmTC_a82c8.dir/link.txt --verbose=1
/usr/bin/cc      CMakeFiles/cmTC_a82c8.dir/CheckSymbolExists.c.o  -o cmTC_a82c8 
CMakeFiles/cmTC_a82c8.dir/CheckSymbolExists.c.o: In function `main':
CheckSymbolExists.c:(.text+0x1b): undefined reference to `pthread_create'
collect2: error: ld returned 1 exit status
CMakeFiles/cmTC_a82c8.dir/build.make:97: recipe for target 'cmTC_a82c8' failed
make[1]: *** [cmTC_a82c8] Error 1
make[1]: Leaving directory '/home/lh2debug/useful/quartzmemkv2/CMakeFiles/CMakeTmp'
Makefile:126: recipe for target 'cmTC_a82c8/fast' failed
make: *** [cmTC_a82c8/fast] Error 2

File /home/lh2debug/useful/quartzmemkv2/CMakeFiles/CMakeTmp/CheckSymbolExists.c:
/* */
#include <pthread.h>

int main(int argc, char** argv)
{
  (void)argv;
#ifndef pthread_create
  return ((int*)(&pthread_create))[argc];
#else
  (void)argc;
  return 0;
#endif
}

Determining if the function pthread_create exists in the pthreads failed with the following output:
Change Dir: /home/lh2debug/useful/quartzmemkv2/CMakeFiles/CMakeTmp

Run Build Command:"/usr/bin/make" "cmTC_d0a06/fast"
/usr/bin/make -f CMakeFiles/cmTC_d0a06.dir/build.make CMakeFiles/cmTC_d0a06.dir/build
make[1]: Entering directory '/home/lh2debug/useful/quartzmemkv2/CMakeFiles/CMakeTmp'
Building C object CMakeFiles/cmTC_d0a06.dir/CheckFunctionExists.c.o
/usr/bin/cc   -DCHECK_FUNCTION_EXISTS=pthread_create   -o CMakeFiles/cmTC_d0a06.dir/CheckFunctionExists.c.o   -c /usr/share/cmake-3.9/Modules/CheckFunctionExists.c
Linking C executable cmTC_d0a06
/usr/bin/cmake -E cmake_link_script CMakeFiles/cmTC_d0a06.dir/link.txt --verbose=1
/usr/bin/cc  -DCHECK_FUNCTION_EXISTS=pthread_create    CMakeFiles/cmTC_d0a06.dir/CheckFunctionExists.c.o  -o cmTC_d0a06 -lpthreads 
/usr/bin/ld: cannot find -lpthreads
collect2: error: ld returned 1 exit status
CMakeFiles/cmTC_d0a06.dir/build.make:97: recipe for target 'cmTC_d0a06' failed
make[1]: *** [cmTC_d0a06] Error 1
make[1]: Leaving directory '/home/lh2debug/useful/quartzmemkv2/CMakeFiles/CMakeTmp'
Makefile:126: recipe for target 'cmTC_d0a06/fast' failed
make: *** [cmTC_d0a06/fast] Error 2


Determining if the pthread_create exist failed with the following output:
Change Dir: /home/lh2debug/useful/pmemkv/CMakeFiles/CMakeTmp

Run Build Command:"/usr/bin/make" "cmTC_d2d62/fast"
/usr/bin/make -f CMakeFiles/cmTC_d2d62.dir/build.make CMakeFiles/cmTC_d2d62.dir/build
make[1]: Entering directory '/home/lh2debug/useful/pmemkv/CMakeFiles/CMakeTmp'
Building C object CMakeFiles/cmTC_d2d62.dir/CheckSymbolExists.c.o
/usr/bin/cc    -o CMakeFiles/cmTC_d2d62.dir/CheckSymbolExists.c.o   -c /home/lh2debug/useful/pmemkv/CMakeFiles/CMakeTmp/CheckSymbolExists.c
Linking C executable cmTC_d2d62
/usr/bin/cmake -E cmake_link_script CMakeFiles/cmTC_d2d62.dir/link.txt --verbose=1
/usr/bin/cc      CMakeFiles/cmTC_d2d62.dir/CheckSymbolExists.c.o  -o cmTC_d2d62 
CMakeFiles/cmTC_d2d62.dir/CheckSymbolExists.c.o: In function `main':
CheckSymbolExists.c:(.text+0x1b): undefined reference to `pthread_create'
collect2: error: ld returned 1 exit status
CMakeFiles/cmTC_d2d62.dir/build.make:97: recipe for target 'cmTC_d2d62' failed
make[1]: *** [cmTC_d2d62] Error 1
make[1]: Leaving directory '/home/lh2debug/useful/pmemkv/CMakeFiles/CMakeTmp'
Makefile:126: recipe for target 'cmTC_d2d62/fast' failed
make: *** [cmTC_d2d62/fast] Error 2

File /home/lh2debug/useful/pmemkv/CMakeFiles/CMakeTmp/CheckSymbolExists.c:
/* */
#include <pthread.h>

int main(int argc, char** argv)
{
  (void)argv;
#ifndef pthread_create
  return ((int*)(&pthread_create))[argc];
#else
  (void)argc;
  return 0;
#endif
}

Determining if the function pthread_create exists in the pthreads failed with the following output:
Change Dir: /home/lh2debug/useful/pmemkv/CMakeFiles/CMakeTmp

Run Build Command:"/usr/bin/make" "cmTC_764f6/fast"
/usr/bin/make -f CMakeFiles/cmTC_764f6.dir/build.make CMakeFiles/cmTC_764f6.dir/build
make[1]: Entering directory '/home/lh2debug/useful/pmemkv/CMakeFiles/CMakeTmp'
Building C object CMakeFiles/cmTC_764f6.dir/CheckFunctionExists.c.o
/usr/bin/cc   -DCHECK_FUNCTION_EXISTS=pthread_create   -o CMakeFiles/cmTC_764f6.dir/CheckFunctionExists.c.o   -c /usr/share/cmake-3.9/Modules/CheckFunctionExists.c
Linking C executable cmTC_764f6
/usr/bin/cmake -E cmake_link_script CMakeFiles/cmTC_764f6.dir/link.txt --verbose=1
/usr/bin/cc  -DCHECK_FUNCTION_EXISTS=pthread_create    CMakeFiles/cmTC_764f6.dir/CheckFunctionExists.c.o  -o cmTC_764f6 -lpthreads 
/usr/bin/ld: cannot find -lpthreads
collect2: error: ld returned 1 exit status
CMakeFiles/cmTC_764f6.dir/build.make:97: recipe for target 'cmTC_764f6' failed
make[1]: *** [cmTC_764f6] Error 1
make[1]: Leaving directory '/home/lh2debug/useful/pmemkv/CMakeFiles/CMakeTmp'
Makefile:126: recipe for target 'cmTC_764f6/fast' failed
make: *** [cmTC_764f6/fast] Error 2


